<?xml version="1.0" encoding="UTF-8"?>
<!-- Generated by org.testng.reporters.JUnitReportReporter -->
<testsuite hostname="DESKTOP-UA4ORS6" failures="0" tests="1" name="testngpackage.BeforeAfterClass" time="6.971" errors="0" timestamp="2023-03-16T09:19:34 EDT" skipped="0">
  <testcase classname="testngpackage.BeforeAfterClass" name="performLogin" time="6.971"/>
  <system-out/>
</testsuite> <!-- testngpackage.BeforeAfterClass -->
