<?xml version="1.0" encoding="UTF-8"?>
<!-- Generated by org.testng.reporters.JUnitReportReporter -->
<testsuite hostname="DESKTOP-UA4ORS6" failures="0" tests="1" name="testngpackage.NewTest" time="0.008" errors="0" timestamp="2023-03-02T14:00:38 EST" skipped="0">
  <testcase classname="testngpackage.NewTest" name="f" time="0.008"/>
  <system-out/>
</testsuite> <!-- testngpackage.NewTest -->
