<?xml version="1.0" encoding="UTF-8"?>
<!-- Generated by org.testng.reporters.JUnitReportReporter -->
<testsuite hostname="DESKTOP-UA4ORS6" failures="0" tests="2" name="testngpackage.AssertAfterLogin" time="11.409" errors="0" timestamp="2023-03-14T10:20:14 EDT" skipped="0">
  <testcase classname="testngpackage.AssertAfterLogin" name="assertHomePage" time="2.039"/>
  <system-out/>
  <testcase classname="testngpackage.AssertAfterLogin" name="performLogin" time="9.370"/>
  <system-out/>
</testsuite> <!-- testngpackage.AssertAfterLogin -->
