<?xml version="1.0" encoding="UTF-8"?>
<!-- Generated by org.testng.reporters.JUnitReportReporter -->
<testsuite hostname="DESKTOP-UA4ORS6" failures="0" tests="1" name="testngpackage.BeforeAfterClass" time="7.997" errors="0" timestamp="2023-03-14T09:05:17 EDT" skipped="0">
  <testcase classname="testngpackage.BeforeAfterClass" name="performLogin" time="7.997"/>
  <system-out/>
</testsuite> <!-- testngpackage.BeforeAfterClass -->
