<?xml version="1.0" encoding="UTF-8"?>
<!-- Generated by org.testng.reporters.JUnitReportReporter -->
<testsuite hostname="DESKTOP-UA4ORS6" failures="0" tests="3" name="testngpackage.OpenWebsite" time="14.169" errors="0" timestamp="2023-03-02T14:21:36 EST" skipped="0">
  <testcase classname="testngpackage.OpenWebsite" name="openingAmazonSite" time="5.472"/>
  <system-out/>
  <testcase classname="testngpackage.OpenWebsite" name="openingYahooSite" time="4.906"/>
  <system-out/>
  <testcase classname="testngpackage.OpenWebsite" name="openingCnbcSite" time="3.791"/>
  <system-out/>
</testsuite> <!-- testngpackage.OpenWebsite -->
