<?xml version="1.0" encoding="UTF-8"?>
<!-- Generated by org.testng.reporters.JUnitReportReporter -->
<testsuite hostname="DESKTOP-UA4ORS6" failures="0" tests="1" name="testngpackage.AssertTitle" time="1.728" errors="0" timestamp="2023-03-14T09:35:51 EDT" skipped="0">
  <testcase classname="testngpackage.AssertTitle" name="checkGoogleSite" time="1.728"/>
  <system-out/>
</testsuite> <!-- testngpackage.AssertTitle -->
