<?xml version="1.0" encoding="UTF-8"?>
<!-- Generated by org.testng.reporters.JUnitReportReporter -->
<testsuite hostname="DESKTOP-UA4ORS6" failures="0" tests="3" name="testngpackage.DataProviderClass" time="15.531" errors="0" timestamp="2023-03-14T09:24:02 EDT" skipped="0">
  <testcase classname="testngpackage.DataProviderClass" name="checking" time="3.825"/>
  <system-out/>
  <testcase classname="testngpackage.DataProviderClass" name="checking" time="7.545"/>
  <system-out/>
  <testcase classname="testngpackage.DataProviderClass" name="checking" time="4.161"/>
  <system-out/>
</testsuite> <!-- testngpackage.DataProviderClass -->
